05-03-2024 17:28:21 [VERBOSE] POST /api/create-brands : {"name":"HUMIMAB-HC"}
05-03-2024 17:28:21 [VERBOSE] POST /create-brands - 200  
05-03-2024 17:38:33 [VERBOSE] GET /api/admin-create-account : {"Name":"Avinash Patil","AdminId":"A11011","Password":"12345","Gender":"Male","MobileNumber":"7798852346"}
05-03-2024 17:38:33 [VERBOSE] GET /api/admin-create-account - 404  
05-03-2024 17:38:37 [VERBOSE] POST /api/admin-create-account : {"Name":"Avinash Patil","AdminId":"A11011","Password":"12345","Gender":"Male","MobileNumber":"7798852346"}
05-03-2024 17:38:37 [VERBOSE] POST /admin-create-account - 200  
05-03-2024 17:55:14 [VERBOSE] GET /api/get-mr-brandwise-data/65f0345af1ed06cec54365d7 : {}
05-03-2024 17:55:14 [VERBOSE] GET /get-mr-brandwise-data/65f0345af1ed06cec54365d7 - 404  
05-03-2024 17:55:56 [VERBOSE] GET /api/get-mr-brandwise-data/65f0345af1ed06cec54365d7 : {}
05-03-2024 17:55:56 [VERBOSE] GET /get-mr-brandwise-data/65f0345af1ed06cec54365d7 - 404  
05-03-2024 17:55:57 [VERBOSE] GET /api/get-mr-brandwise-data/65f0345af1ed06cec54365d7 : {}
05-03-2024 17:55:57 [VERBOSE] GET /get-mr-brandwise-data/65f0345af1ed06cec54365d7 - 404  
05-03-2024 17:55:57 [VERBOSE] GET /api/get-mr-brandwise-data/65f0345af1ed06cec54365d7 : {}
05-03-2024 17:55:57 [VERBOSE] GET /get-mr-brandwise-data/65f0345af1ed06cec54365d7 - 404  
05-03-2024 17:55:58 [VERBOSE] GET /api/get-mr-brandwise-data/65f0345af1ed06cec54365d7 : {}
05-03-2024 17:55:58 [VERBOSE] GET /get-mr-brandwise-data/65f0345af1ed06cec54365d7 - 404  
05-03-2024 17:55:58 [VERBOSE] GET /api/get-mr-brandwise-data/65f0345af1ed06cec54365d7 : {}
05-03-2024 17:55:58 [VERBOSE] GET /get-mr-brandwise-data/65f0345af1ed06cec54365d7 - 404  
05-03-2024 17:56:52 [VERBOSE] GET /api/get-mr-brandwise-data/65f2ef14208eb8cf6010279f : {}
05-03-2024 17:56:52 [VERBOSE] GET /get-mr-brandwise-data/65f2ef14208eb8cf6010279f - 200  
05-03-2024 18:01:31 [VERBOSE] GET /api/get-mr-brandwise-data/65f2ef14208eb8cf6010279f : {}
05-03-2024 18:01:31 [VERBOSE] GET /get-mr-brandwise-data/65f2ef14208eb8cf6010279f - 200  
05-03-2024 18:18:18 [VERBOSE] POST /api/admin-upload/6634d3c584fd4d513f07bd78 : {}
05-03-2024 18:18:24 [VERBOSE] POST /admin-upload/6634d3c584fd4d513f07bd78 - 200  
05-03-2024 18:21:20 [VERBOSE] POST /api/admin-upload/6634d3c584fd4d513f07bd78 : {}
05-03-2024 18:21:23 [VERBOSE] POST /admin-upload/6634d3c584fd4d513f07bd78 - 200  
05-03-2024 18:47:36 [VERBOSE] POST /api/admin-upload/6634d3c584fd4d513f07bd78 : {}
05-03-2024 18:47:43 [VERBOSE] POST /admin-upload/6634d3c584fd4d513f07bd78 - 200  
05-03-2024 18:49:01 [VERBOSE] POST /api/admin-upload/6634d3c584fd4d513f07bd78 : {}
05-03-2024 18:49:07 [VERBOSE] POST /admin-upload/6634d3c584fd4d513f07bd78 - 200  
05-03-2024 19:05:48 [VERBOSE] POST /api/admin-upload/6634d3c584fd4d513f07bd78 : {}
05-03-2024 19:05:55 [VERBOSE] POST /admin-upload/6634d3c584fd4d513f07bd78 - 200  
05-07-2024 13:57:35 [VERBOSE] GET /api/get-doctor-patient/65f81042f5b6ab6eed5f0960 : {}
05-07-2024 13:57:35 [VERBOSE] GET /get-doctor-patient/65f81042f5b6ab6eed5f0960 - 400  
05-07-2024 13:57:36 [VERBOSE] GET /favicon.ico : {}
05-07-2024 13:57:36 [VERBOSE] GET /favicon.ico - 404  
05-07-2024 13:58:04 [VERBOSE] GET /api/get-doctor-patient/65f81042f5b6ab6eed5f0960 : {}
05-07-2024 13:58:04 [VERBOSE] GET /get-doctor-patient/65f81042f5b6ab6eed5f0960 - 200  
05-07-2024 14:13:03 [VERBOSE] GET /api/get-doctor-patient/65f2ef16208eb8cf60102821 : {}
05-07-2024 14:13:03 [VERBOSE] GET /get-doctor-patient/65f2ef16208eb8cf60102821 - 200  
05-07-2024 18:15:48 [VERBOSE] POST /api/create-brands : {"name":"HUMIMAB-HC"}
05-07-2024 18:15:48 [VERBOSE] POST /create-brands - 200  
05-07-2024 18:16:18 [VERBOSE] POST /api/create-brands : {"name":"HEADON"}
05-07-2024 18:16:18 [VERBOSE] POST /create-brands - 200  
05-07-2024 18:16:26 [VERBOSE] POST /api/create-brands : {"name":"TOFASHINE"}
05-07-2024 18:16:26 [VERBOSE] POST /create-brands - 200  
05-07-2024 18:16:34 [VERBOSE] POST /api/create-brands : {"name":"INFIMAB"}
05-07-2024 18:16:34 [VERBOSE] POST /create-brands - 200  
05-07-2024 18:16:51 [VERBOSE] POST /api/admin-upload/6634d3c584fd4d513f07bd78 : {}
05-07-2024 18:16:52 [VERBOSE] POST /admin-upload/6634d3c584fd4d513f07bd78 - 500  
05-07-2024 18:19:22 [VERBOSE] POST /api/admin-upload/6634d3c584fd4d513f07bd78 : {}
05-07-2024 18:26:12 [VERBOSE] POST /admin-upload/6634d3c584fd4d513f07bd78 - 200  
05-07-2024 19:06:25 [VERBOSE] POST /api/admin-upload/6634d3c584fd4d513f07bd78 : {}
05-08-2024 11:11:06 [VERBOSE] POST /api/admin-upload/6634d3c584fd4d513f07bd78 : {}
05-08-2024 11:17:34 [VERBOSE] POST /admin-upload/6634d3c584fd4d513f07bd78 - 200  
05-08-2024 11:31:57 [VERBOSE] GET /api/get-mr-patients/65e82861b3d74826f062f64b : {}
05-08-2024 11:31:57 [VERBOSE] GET /get-mr-patients/65e82861b3d74826f062f64b - 500  
05-08-2024 11:31:57 [VERBOSE] GET /favicon.ico : {}
05-08-2024 11:31:57 [VERBOSE] GET /favicon.ico - 404  
05-08-2024 11:32:12 [VERBOSE] GET /api/get-mr-patients/65f2ef14208eb8cf6010279f : {}
05-08-2024 11:32:12 [VERBOSE] GET /get-mr-patients/65f2ef14208eb8cf6010279f - 500  
05-08-2024 11:33:13 [VERBOSE] GET /api/get-mr-patients/65f2ef14208eb8cf6010279f : {}
05-08-2024 11:33:13 [VERBOSE] GET /get-mr-patients/65f2ef14208eb8cf6010279f - 200  
05-08-2024 11:42:02 [VERBOSE] GET /api/get-mr-patients/65f2ef14208eb8cf6010279f : {}
05-08-2024 11:42:02 [VERBOSE] GET /get-mr-patients/65f2ef14208eb8cf6010279f - 304  
05-08-2024 11:45:28 [VERBOSE] GET /api/get-mr-patients/65f2ef14208eb8cf6010279f : {}
05-08-2024 11:45:28 [VERBOSE] GET /get-mr-patients/65f2ef14208eb8cf6010279f - 200  
05-08-2024 11:47:15 [VERBOSE] GET /api/get-mr-patients/65f2ef14208eb8cf6010279f : {}
05-08-2024 11:47:16 [VERBOSE] GET /get-mr-patients/65f2ef14208eb8cf6010279f - 200  
05-08-2024 11:52:29 [VERBOSE] GET /api/get-mr-patients/65f2ef14208eb8cf6010279f : {}
05-08-2024 11:52:30 [VERBOSE] GET /get-mr-patients/65f2ef14208eb8cf6010279f - 200  
05-08-2024 12:11:21 [VERBOSE] GET /api/get-doctor-patient/65f81042f5b6ab6eed5f0960 : {}
05-08-2024 12:11:22 [VERBOSE] GET /get-doctor-patient/65f81042f5b6ab6eed5f0960 - 200  
05-08-2024 12:16:52 [VERBOSE] GET /api/get-doctor-patient/65f81042f5b6ab6eed5f0960 : {}
05-08-2024 12:16:52 [VERBOSE] GET /get-doctor-patient/65f81042f5b6ab6eed5f0960 - 304  
05-08-2024 12:18:44 [VERBOSE] GET /api/get-doctor-patient/65f81042f5b6ab6eed5f0960 : {}
05-08-2024 12:18:44 [VERBOSE] GET /get-doctor-patient/65f81042f5b6ab6eed5f0960 - 304  
05-08-2024 12:19:27 [VERBOSE] GET /api/get-doctor-patient/65f81042f5b6ab6eed5f0960 : {}
05-08-2024 12:19:27 [VERBOSE] GET /get-doctor-patient/65f81042f5b6ab6eed5f0960 - 304  
05-08-2024 12:21:16 [VERBOSE] GET /api/get-doctor-patient/65f81042f5b6ab6eed5f0960 : {}
05-08-2024 12:21:17 [VERBOSE] GET /get-doctor-patient/65f81042f5b6ab6eed5f0960 - 200  
05-08-2024 12:23:52 [VERBOSE] GET /api/get-doctor-patient/65f81042f5b6ab6eed5f0960 : {}
05-08-2024 12:23:53 [VERBOSE] GET /get-doctor-patient/65f81042f5b6ab6eed5f0960 - 200  
05-08-2024 12:25:32 [VERBOSE] GET /api/get-doctor-patient/65f81042f5b6ab6eed5f0960 : {}
05-08-2024 12:25:33 [VERBOSE] GET /get-doctor-patient/65f81042f5b6ab6eed5f0960 - 200  
05-08-2024 12:25:43 [VERBOSE] GET /api/get-doctor-patient/65f81042f5b6ab6eed5f0960 : {}
05-08-2024 12:25:43 [VERBOSE] GET /get-doctor-patient/65f81042f5b6ab6eed5f0960 - 304  
05-08-2024 12:26:16 [VERBOSE] GET /api/get-doctor-patient/65f81042f5b6ab6eed5f0960 : {}
05-08-2024 12:26:16 [VERBOSE] GET /get-doctor-patient/65f81042f5b6ab6eed5f0960 - 200  
05-08-2024 12:26:57 [VERBOSE] GET /api/get-doctor-patient/65f81042f5b6ab6eed5f0960 : {}
05-08-2024 12:26:58 [VERBOSE] GET /get-doctor-patient/65f81042f5b6ab6eed5f0960 - 200  
05-08-2024 12:27:27 [VERBOSE] GET /api/get-doctor-patient/65f81042f5b6ab6eed5f0960 : {}
05-08-2024 12:27:28 [VERBOSE] GET /get-doctor-patient/65f81042f5b6ab6eed5f0960 - 200  
05-08-2024 12:28:59 [VERBOSE] GET /api/get-doctor-patient/65f2ef14208eb8cf601027a3 : {}
05-08-2024 12:28:59 [VERBOSE] GET /get-doctor-patient/65f2ef14208eb8cf601027a3 - 200  
05-08-2024 12:30:09 [VERBOSE] GET /api/get-doctor-patient/65f2ef14208eb8cf601027a3 : {}
05-08-2024 12:30:09 [VERBOSE] GET /get-doctor-patient/65f2ef14208eb8cf601027a3 - 304  
05-08-2024 14:08:17 [VERBOSE] GET /api/patient-Status-Duration : {}
05-08-2024 14:08:17 [VERBOSE] GET /patient-Status-Duration - 200  
05-08-2024 14:09:51 [VERBOSE] GET /api/patient-Status-Duration : {}
05-08-2024 14:09:51 [VERBOSE] GET /patient-Status-Duration - 304  
05-08-2024 14:11:31 [VERBOSE] GET /api/patient-Status-Duration : {}
05-08-2024 14:11:31 [VERBOSE] GET /patient-Status-Duration - 304  
05-08-2024 14:12:11 [VERBOSE] GET /api/patient-Status-Duration : {}
05-08-2024 14:12:12 [VERBOSE] GET /patient-Status-Duration - 304  
05-08-2024 14:15:04 [VERBOSE] GET /api/patient-Status-Duration : {}
05-08-2024 14:15:04 [VERBOSE] GET /patient-Status-Duration - 304  
05-08-2024 14:30:06 [VERBOSE] GET /api/patient-Status-Duration : {}
05-08-2024 14:30:06 [VERBOSE] GET /patient-Status-Duration - 304  
05-08-2024 14:31:06 [VERBOSE] GET /api/patient-Status-Duration : {}
05-08-2024 14:31:06 [VERBOSE] GET /patient-Status-Duration - 304  
05-08-2024 14:36:12 [VERBOSE] GET /api/patient-Status-Duration : {}
05-08-2024 14:36:12 [VERBOSE] GET /patient-Status-Duration - 304  
05-08-2024 14:45:05 [VERBOSE] GET /api/patient-Status-Duration : {}
05-08-2024 14:45:06 [VERBOSE] GET /patient-Status-Duration - 304  
05-08-2024 14:45:27 [VERBOSE] GET /api/patient-Status-Duration : {}
05-08-2024 14:45:29 [VERBOSE] GET /patient-Status-Duration - 304  
05-08-2024 14:46:25 [VERBOSE] GET /api/patient-Status-Duration : {}
05-08-2024 14:46:25 [VERBOSE] GET /patient-Status-Duration - 500  
05-08-2024 14:47:08 [VERBOSE] GET /api/patient-Status-Duration : {}
05-08-2024 14:47:08 [VERBOSE] GET /patient-Status-Duration - 200  
05-08-2024 15:47:54 [VERBOSE] GET /api/patient-Status-Duration : {}
05-08-2024 15:47:54 [VERBOSE] GET /patient-Status-Duration - 304  
05-08-2024 15:48:42 [VERBOSE] GET /api/patient-Status-Duration : {}
05-08-2024 15:48:42 [VERBOSE] GET /patient-Status-Duration - 500  
05-08-2024 15:52:23 [VERBOSE] GET /api/patient-Status-Duration : {}
05-08-2024 15:52:23 [VERBOSE] GET /patient-Status-Duration - 200  
05-08-2024 15:55:19 [VERBOSE] GET /api/patient-Status-Duration : {}
05-08-2024 15:55:19 [VERBOSE] GET /patient-Status-Duration - 304  
05-08-2024 15:57:56 [VERBOSE] GET /api/patient-Status-Duration : {}
05-08-2024 15:57:56 [VERBOSE] GET /patient-Status-Duration - 304  
05-08-2024 15:57:56 [VERBOSE] GET /favicon.ico : {}
05-08-2024 15:57:56 [VERBOSE] GET /favicon.ico - 404  
05-08-2024 16:09:11 [VERBOSE] GET /api/patient-Status-Duration : {}
05-08-2024 16:09:11 [VERBOSE] GET /patient-Status-Duration - 304  
05-08-2024 16:10:23 [VERBOSE] GET /api/patient-Status-Duration : {}
05-08-2024 16:10:24 [VERBOSE] GET /patient-Status-Duration - 304  
05-08-2024 16:14:47 [VERBOSE] GET /api/patient-Status-Duration : {}
05-08-2024 16:14:49 [VERBOSE] GET /patient-Status-Duration - 304  
05-08-2024 16:18:30 [VERBOSE] GET /api/patient-Status-Duration : {}
05-08-2024 16:18:30 [VERBOSE] GET /patient-Status-Duration - 500  
05-08-2024 16:18:59 [VERBOSE] GET /api/patient-Status-Duration : {}
05-08-2024 16:18:59 [VERBOSE] GET /patient-Status-Duration - 200  
05-08-2024 16:19:25 [VERBOSE] GET /api/patient-Status-Duration : {}
05-08-2024 16:19:26 [VERBOSE] GET /patient-Status-Duration - 304  
05-08-2024 16:22:14 [VERBOSE] GET /api/patient-Status-Duration : {}
05-08-2024 16:22:14 [VERBOSE] GET /patient-Status-Duration - 304  
05-08-2024 16:29:47 [VERBOSE] GET /api/patient-Status-Duration : {}
05-08-2024 16:29:47 [VERBOSE] GET /patient-Status-Duration - 304  
05-08-2024 16:30:19 [VERBOSE] GET /api/patient-Status-Duration : {}
05-08-2024 16:30:21 [VERBOSE] GET /patient-Status-Duration - 304  
05-08-2024 16:32:17 [VERBOSE] GET /api/patient-Status-Duration : {}
05-08-2024 16:32:17 [VERBOSE] GET /patient-Status-Duration - 304  
05-08-2024 16:32:35 [VERBOSE] GET /api/patient-Status-Duration : {}
05-08-2024 16:32:36 [VERBOSE] GET /patient-Status-Duration - 304  
05-08-2024 16:33:15 [VERBOSE] GET /api/patient-Status-Duration : {}
05-08-2024 16:33:15 [VERBOSE] GET /patient-Status-Duration - 304  
05-08-2024 16:33:46 [VERBOSE] GET /api/patient-Status-Duration : {}
05-08-2024 16:33:47 [VERBOSE] GET /patient-Status-Duration - 304  
05-08-2024 16:35:00 [VERBOSE] GET /api/patient-Status-Duration : {}
05-08-2024 16:35:01 [VERBOSE] GET /patient-Status-Duration - 304  
05-08-2024 16:35:45 [VERBOSE] GET /api/patient-Status-Duration : {}
05-08-2024 16:35:46 [VERBOSE] GET /patient-Status-Duration - 304  
05-08-2024 16:36:26 [VERBOSE] GET /api/patient-Status-Duration : {}
05-08-2024 16:36:26 [VERBOSE] GET /patient-Status-Duration - 304  
05-08-2024 16:37:30 [VERBOSE] GET /api/patient-Status-Duration : {}
05-08-2024 16:37:31 [VERBOSE] GET /patient-Status-Duration - 304  
05-08-2024 16:38:10 [VERBOSE] GET /api/patient-Status-Duration : {}
05-08-2024 16:38:11 [VERBOSE] GET /patient-Status-Duration - 304  
05-08-2024 16:39:14 [VERBOSE] GET /api/patient-Status-Duration : {}
05-08-2024 16:39:14 [VERBOSE] GET /patient-Status-Duration - 500  
05-08-2024 16:41:46 [VERBOSE] GET /api/patient-Status-Duration : {}
05-08-2024 16:41:46 [VERBOSE] GET /patient-Status-Duration - 200  
05-08-2024 17:03:06 [VERBOSE] GET /api/patient-Status-Duration : {}
05-08-2024 17:03:06 [VERBOSE] GET /patient-Status-Duration - 304  
05-08-2024 17:09:50 [VERBOSE] GET /api/patient-Status-Duration : {}
05-08-2024 17:09:50 [VERBOSE] GET /patient-Status-Duration - 304  
05-08-2024 17:10:35 [VERBOSE] GET /api/patient-Status-Duration : {}
05-08-2024 17:10:37 [VERBOSE] GET /patient-Status-Duration - 304  
05-08-2024 17:11:13 [VERBOSE] GET /api/patient-Status-Duration : {}
05-08-2024 17:11:14 [VERBOSE] GET /patient-Status-Duration - 304  
05-08-2024 17:11:44 [VERBOSE] GET /api/patient-Status-Duration : {}
05-08-2024 17:11:45 [VERBOSE] GET /patient-Status-Duration - 304  
05-08-2024 17:15:53 [VERBOSE] GET /api/patient-Status-Duration : {}
05-08-2024 17:15:54 [VERBOSE] GET /patient-Status-Duration - 304  
05-08-2024 17:24:50 [VERBOSE] GET /api/patient-Status-Duration : {}
05-08-2024 17:24:50 [VERBOSE] GET /patient-Status-Duration - 304  
05-08-2024 17:26:09 [VERBOSE] GET /api/patient-Status-Duration : {}
05-08-2024 17:26:10 [VERBOSE] GET /patient-Status-Duration - 304  
05-08-2024 17:27:01 [VERBOSE] GET /api/patient-Status-Duration : {}
05-08-2024 17:27:02 [VERBOSE] GET /patient-Status-Duration - 304  
05-08-2024 17:29:01 [VERBOSE] GET /api/patient-Status-Duration : {}
05-08-2024 17:29:01 [VERBOSE] GET /patient-Status-Duration - 304  
05-08-2024 17:32:33 [VERBOSE] GET /api/patient-Status-Duration : {}
05-08-2024 17:32:34 [VERBOSE] GET /patient-Status-Duration - 304  
05-08-2024 17:33:44 [VERBOSE] GET /api/patient-Status-Duration : {}
05-08-2024 17:33:44 [VERBOSE] GET /patient-Status-Duration - 304  
05-08-2024 17:34:31 [VERBOSE] GET /api/patient-Status-Duration : {}
05-08-2024 17:34:31 [VERBOSE] GET /patient-Status-Duration - 304  
05-08-2024 17:34:35 [VERBOSE] GET /api/patient-Status-Duration : {}
05-08-2024 17:34:35 [VERBOSE] GET /patient-Status-Duration - 304  
05-08-2024 17:37:29 [VERBOSE] GET /api/patient-Status-Duration : {}
05-08-2024 17:37:29 [VERBOSE] GET /patient-Status-Duration - 304  
05-08-2024 17:38:44 [VERBOSE] GET /api/patient-Status-Duration : {}
05-08-2024 17:38:44 [VERBOSE] GET /patient-Status-Duration - 304  
05-08-2024 17:44:04 [VERBOSE] GET /api/patient-Status-Duration : {}
05-08-2024 17:44:04 [VERBOSE] GET /patient-Status-Duration - 304  
05-08-2024 17:48:33 [VERBOSE] GET /api/patient-Status-Duration : {}
05-08-2024 17:48:33 [VERBOSE] GET /patient-Status-Duration - 500  
05-08-2024 17:51:22 [VERBOSE] GET /api/patient-Status-Duration : {}
05-08-2024 17:51:23 [VERBOSE] GET /patient-Status-Duration - 500  
05-08-2024 17:52:17 [VERBOSE] GET /api/patient-Status-Duration : {}
05-08-2024 17:52:17 [VERBOSE] GET /patient-Status-Duration - 200  
05-08-2024 17:53:58 [VERBOSE] GET /api/patient-Status-Duration : {}
05-08-2024 17:53:59 [VERBOSE] GET /patient-Status-Duration - 304  
05-08-2024 17:54:48 [VERBOSE] GET /api/patient-Status-Duration : {}
05-08-2024 17:54:49 [VERBOSE] GET /patient-Status-Duration - 304  
05-08-2024 17:59:17 [VERBOSE] GET /api/patient-Status-Duration : {}
05-08-2024 17:59:17 [VERBOSE] GET /patient-Status-Duration - 304  
05-08-2024 18:02:08 [VERBOSE] GET /api/patient-Status-Duration : {}
05-08-2024 18:02:09 [VERBOSE] GET /patient-Status-Duration - 304  
